<?xml version="1.0" encoding="UTF-8"?>
<testng-results skipped="0" failed="0" total="1" passed="1">
  <reporter-output>
  </reporter-output>
  <suite name="Default suite" duration-ms="8434" started-at="2020-07-03T01:48:09Z" finished-at="2020-07-03T01:48:18Z">
    <groups>
    </groups>
    <test name="Default test" duration-ms="8434" started-at="2020-07-03T01:48:09Z" finished-at="2020-07-03T01:48:18Z">
      <class name="week5_JavaScriptExecuter.Sel_50_TestNg2">
        <test-method status="PASS" signature="setUp()[pri:0, instance:week5_JavaScriptExecuter.Sel_50_TestNg2@3796751b]" name="setUp" is-config="true" duration-ms="6915" started-at="2020-07-02T18:48:09Z" finished-at="2020-07-02T18:48:16Z">
          <reporter-output>
          </reporter-output>
        </test-method> <!-- setUp -->
        <test-method status="PASS" signature="invalidCredentials()[pri:0, instance:week5_JavaScriptExecuter.Sel_50_TestNg2@3796751b]" name="invalidCredentials" duration-ms="1423" started-at="2020-07-02T18:48:16Z" finished-at="2020-07-02T18:48:18Z">
          <reporter-output>
          </reporter-output>
        </test-method> <!-- invalidCredentials -->
        <test-method status="PASS" signature="tearDown()[pri:0, instance:week5_JavaScriptExecuter.Sel_50_TestNg2@3796751b]" name="tearDown" is-config="true" duration-ms="85" started-at="2020-07-02T18:48:18Z" finished-at="2020-07-02T18:48:18Z">
          <reporter-output>
          </reporter-output>
        </test-method> <!-- tearDown -->
      </class> <!-- week5_JavaScriptExecuter.Sel_50_TestNg2 -->
    </test> <!-- Default test -->
  </suite> <!-- Default suite -->
</testng-results>
